<?xml version="1.0" encoding="UTF-8"?>
<!-- Generated by org.testng.reporters.JUnitReportReporter -->
<testsuite hostname="nitesh-PC" name="NRAI.test.NraiLoginPageTest" tests="1" failures="0" timestamp="18 May 2020 16:30:23 GMT" time="17.253" errors="0">
  <testcase name="logintest" time="17.253" classname="NRAI.test.NraiLoginPageTest"/>
</testsuite> <!-- NRAI.test.NraiLoginPageTest -->
